<?xml version="1.0" encoding="UTF-8"?>
<!-- Generated by org.testng.reporters.JUnitReportReporter -->
<testsuite hostname="Abhisheks-MacBook-Air.local" failures="0" tests="1" name="runner.TestRunner2" time="175.339" errors="0" timestamp="2024-11-28T17:14:03 IST" skipped="0">
  <testcase classname="runner.TestRunner2" name="runScenario" time="175.339"/>
</testsuite> <!-- runner.TestRunner2 -->
