<?xml version="1.0" encoding="UTF-8"?>
<!-- Generated by org.testng.reporters.JUnitReportReporter -->
<testsuite hostname="USER-15" failures="0" tests="1" name="runner.TestRunner10" time="19.355" errors="0" timestamp="2024-11-27T20:33:48 IST" skipped="0">
  <testcase classname="runner.TestRunner10" name="runScenario" time="19.355"/>
</testsuite> <!-- runner.TestRunner10 -->
