<?xml version="1.0" encoding="UTF-8"?>
<!-- Generated by org.testng.reporters.JUnitReportReporter -->
<testsuite hostname="46431541c5e8504" failures="0" tests="10" name="testcases.dispensary_testcase" time="23.462" errors="0" timestamp="2024-08-22T01:35:57 IST" skipped="0">
  <testcase classname="testcases.dispensary_testcase" name="verifyTitleOfTheHomePage" time="4.952"/>
  <testcase classname="testcases.dispensary_testcase" name="verifyDispensaryModuleIsPresentOrNot" time="0.071"/>
  <testcase classname="testcases.dispensary_testcase" name="verifyAllSubModulesArePresent" time="0.842"/>
  <testcase classname="testcases.dispensary_testcase" name="scrollToButtomAndVerifyTheFields" time="6.411"/>
  <testcase classname="testcases.dispensary_testcase" name="performTheKeyboardOperationToOpenThePopup" time="0.283"/>
  <testcase classname="testcases.dispensary_testcase" name="validateTheErrorMessageInFirstnameTextfield" time="5.358"/>
  <testcase classname="testcases.dispensary_testcase" name="fillAllTheTextfields" time="1.156"/>
  <testcase classname="testcases.dispensary_testcase" name="validateTheConfirmMessage" time="0.518"/>
  <testcase classname="testcases.dispensary_testcase" name="selectFilterverifyFilterIsSelectedOrNot" time="3.477"/>
  <testcase classname="testcases.dispensary_testcase" name="validateTheButtonIsPresentAndNavigateToThisPage" time="0.394"/>
</testsuite> <!-- testcases.dispensary_testcase -->
