<?xml version="1.0" encoding="UTF-8"?>
<!-- Generated by org.testng.reporters.JUnitReportReporter -->
<testsuite hostname="Abhisheks-MacBook-Air.local" failures="0" tests="1" name="runner.TestRunner1" time="125.089" errors="0" timestamp="2024-11-28T17:14:03 IST" skipped="0">
  <testcase classname="runner.TestRunner1" name="runScenario" time="125.089"/>
</testsuite> <!-- runner.TestRunner1 -->
