<?xml version="1.0" encoding="UTF-8"?>
<!-- Generated by org.testng.reporters.JUnitReportReporter -->
<testsuite hostname="USER-15" failures="0" tests="10" name="runner.TestRunner" time="130.274" errors="0" timestamp="2024-11-27T18:30:14 IST" skipped="0">
  <testcase classname="runner.TestRunner" name="runScenario" time="15.784"/>
  <testcase classname="runner.TestRunner" name="runScenario" time="12.147"/>
  <testcase classname="runner.TestRunner" name="runScenario" time="14.630"/>
  <testcase classname="runner.TestRunner" name="runScenario" time="16.474"/>
  <testcase classname="runner.TestRunner" name="runScenario" time="13.373"/>
  <testcase classname="runner.TestRunner" name="runScenario" time="11.249"/>
  <testcase classname="runner.TestRunner" name="runScenario" time="6.215"/>
  <testcase classname="runner.TestRunner" name="runScenario" time="14.763"/>
  <testcase classname="runner.TestRunner" name="runScenario" time="6.637"/>
  <testcase classname="runner.TestRunner" name="runScenario" time="19.002"/>
</testsuite> <!-- runner.TestRunner -->
